<?xml version="1.0" encoding="UTF-8"?>
<!-- Generated by org.testng.reporters.JUnitReportReporter -->
<testsuite hostname="MacBook-Pro.local" failures="0" tests="1" name="main.java.SignInTest" time="9.827" errors="0" timestamp="27 Nov 2019 07:19:44 GMT" skipped="0">
  <testcase classname="main.java.SignInTest" name="shouldThrowAnErrorIfSignInDetailsAreMissing" time="9.827"/>
</testsuite> <!-- main.java.SignInTest -->
