<?xml version="1.0" encoding="UTF-8"?>
<!-- Generated by org.testng.reporters.JUnitReportReporter -->
<testsuite hostname="MacBook-Pro.local" failures="0" tests="1" name="main.java.HotelBookingTest" time="15.567" errors="0" timestamp="28 Nov 2019 17:44:54 GMT" skipped="0">
  <testcase classname="main.java.HotelBookingTest" name="shouldBeAbleToSearchForHotels" time="15.567"/>
</testsuite> <!-- main.java.HotelBookingTest -->
