<?xml version="1.0" encoding="UTF-8"?>
<!-- Generated by org.testng.reporters.JUnitReportReporter -->
<testsuite hostname="MacBook-Pro.local" failures="0" tests="1" name="main.java.FlightBookingTest" time="19.964" errors="0" timestamp="27 Nov 2019 08:51:43 GMT" skipped="0">
  <testcase classname="main.java.FlightBookingTest" name="testThatResultsAppearForAOneWayJourney" time="19.964"/>
</testsuite> <!-- main.java.FlightBookingTest -->
